/cvmfs/soft.computecanada.ca/easybuild/software/2017/Core/scipy-stack/2019a/lib/python3.7/site-packages/mpl_toolkits/axes_grid/__init__.py:12: MatplotlibDeprecationWarning: 
The mpl_toolkits.axes_grid module was deprecated in Matplotlib 2.1 and will be removed two minor releases later. Use mpl_toolkits.axes_grid1 and mpl_toolkits.axisartist, which provide the same functionality instead.
  obj_type='module')
/cvmfs/soft.computecanada.ca/easybuild/software/2017/Core/scipy-stack/2019a/lib/python3.7/site-packages/mpl_toolkits/axes_grid/__init__.py:12: MatplotlibDeprecationWarning: 
The mpl_toolkits.axes_grid module was deprecated in Matplotlib 2.1 and will be removed two minor releases later. Use mpl_toolkits.axes_grid1 and mpl_toolkits.axisartist, which provide the same functionality instead.
  obj_type='module')
Traceback (most recent call last):
  File "partial_stackoverflow.py", line 19, in <module>
    output = pool.map(rerun, timestamps)
  File "/cvmfs/soft.computecanada.ca/easybuild/software/2017/Core/python/3.7.0/lib/python3.7/multiprocessing/pool.py", line 268, in map
    return self._map_async(func, iterable, mapstar, chunksize).get()
  File "/cvmfs/soft.computecanada.ca/easybuild/software/2017/Core/python/3.7.0/lib/python3.7/multiprocessing/pool.py", line 651, in get
    self.wait(timeout)
  File "/cvmfs/soft.computecanada.ca/easybuild/software/2017/Core/python/3.7.0/lib/python3.7/multiprocessing/pool.py", line 648, in wait
    self._event.wait(timeout)
  File "/cvmfs/soft.computecanada.ca/easybuild/software/2017/Core/python/3.7.0/lib/python3.7/threading.py", line 552, in wait
    signaled = self._cond.wait(timeout)
  File "/cvmfs/soft.computecanada.ca/easybuild/software/2017/Core/python/3.7.0/lib/python3.7/threading.py", line 296, in wait
    waiter.acquire()
KeyboardInterrupt
